# JRE version: OpenJDK Runtime Environment Temurin-17.0.5+8 (17.0.5+8) (build 17.0.5+8)
# Java VM: OpenJDK 64-Bit Server VM Temurin-17.0.5+8 (17.0.5+8, mixed mode, tiered, compressed class ptrs, g1 gc, windows-amd64)
GC Precious Log:
 CPUs: 4 total, 4 available
 Memory: 7845M
 Large Page Support: Disabled
 NUMA Support: Disabled
 Compressed Oops: Disabled
 Heap Region Size: 32M
 Heap Min Capacity: 32M
 Heap Initial Capacity: 128M
 Heap Max Capacity: 92224M
 Pre-touch: Disabled
 Parallel Workers: 4
 Concurrent Workers: 1
 Concurrent Refinement Workers: 4
 Periodic GC: Disabled
Heap:
 garbage-first heap   total 16285696K, used 16119441K [0x000001b6b0000000, 0x000001cd34000000)
  region size 32768K, 3 young (98304K), 3 survivors (98304K)
 Metaspace       used 22368K, committed 22656K, reserved 1073152K
  class space    used 2342K, committed 2496K, reserved 1048576K
GC Heap History (19 events):
Event: 4.270 GC heap before
{Heap before GC invocations=0 (full 0):
 garbage-first heap   total 131072K, used 32768K [0x000001b6b0000000, 0x000001cd34000000)
  region size 32768K, 1 young (32768K), 0 survivors (0K)
 Metaspace       used 21047K, committed 21376K, reserved 1073152K
  class space    used 2211K, committed 2368K, reserved 1048576K
}
Event: 4.277 GC heap after
{Heap after GC invocations=1 (full 0):
 garbage-first heap   total 131072K, used 9732K [0x000001b6b0000000, 0x000001cd34000000)
  region size 32768K, 1 young (32768K), 1 survivors (32768K)
 Metaspace       used 21047K, committed 21376K, reserved 1073152K
  class space    used 2211K, committed 2368K, reserved 1048576K
}
Event: 4.362 GC heap before
{Heap before GC invocations=1 (full 0):
 garbage-first heap   total 131072K, used 9732K [0x000001b6b0000000, 0x000001cd34000000)
  region size 32768K, 2 young (65536K), 1 survivors (32768K)
 Metaspace       used 21259K, committed 21504K, reserved 1073152K
  class space    used 2237K, committed 2368K, reserved 1048576K
}
Event: 4.368 GC heap after
{Heap after GC invocations=2 (full 0):
 garbage-first heap   total 131072K, used 10232K [0x000001b6b0000000, 0x000001cd34000000)
  region size 32768K, 1 young (32768K), 1 survivors (32768K)
 Metaspace       used 21259K, committed 21504K, reserved 1073152K
  class space    used 2237K, committed 2368K, reserved 1048576K
}
Event: 6.867 GC heap before
{Heap before GC invocations=3 (full 0):
 garbage-first heap   total 131072K, used 10232K [0x000001b6b0000000, 0x000001cd34000000)
  region size 32768K, 2 young (65536K), 1 survivors (32768K)
 Metaspace       used 22354K, committed 22656K, reserved 1073152K
  class space    used 2340K, committed 2496K, reserved 1048576K
}
Event: 6.877 GC heap after
{Heap after GC invocations=4 (full 0):
 garbage-first heap   total 131072K, used 22758K [0x000001b6b0000000, 0x000001cd34000000)
  region size 32768K, 1 young (32768K), 1 survivors (32768K)
 Metaspace       used 22354K, committed 22656K, reserved 1073152K
  class space    used 2340K, committed 2496K, reserved 1048576K
}
Event: 6.889 GC heap before
{Heap before GC invocations=4 (full 0):
 garbage-first heap   total 131072K, used 22758K [0x000001b6b0000000, 0x000001cd34000000)
  region size 32768K, 2 young (65536K), 1 survivors (32768K)
 Metaspace       used 22362K, committed 22656K, reserved 1073152K
  class space    used 2342K, committed 2496K, reserved 1048576K
}
Event: 6.899 GC heap after
{Heap after GC invocations=5 (full 0):
 garbage-first heap   total 131072K, used 24022K [0x000001b6b0000000, 0x000001cd34000000)
  region size 32768K, 1 young (32768K), 1 survivors (32768K)
 Metaspace       used 22362K, committed 22656K, reserved 1073152K
  class space    used 2342K, committed 2496K, reserved 1048576K
}
Event: 13.003 GC heap before
{Heap before GC invocations=5 (full 0):
 garbage-first heap   total 8159232K, used 8117718K [0x000001b6b0000000, 0x000001cd34000000)
  region size 32768K, 1 young (32768K), 1 survivors (32768K)
 Metaspace       used 22362K, committed 22656K, reserved 1073152K
  class space    used 2342K, committed 2496K, reserved 1048576K
}
Event: 13.032 GC heap after
{Heap after GC invocations=6 (full 0):
 garbage-first heap   total 8192000K, used 8116845K [0x000001b6b0000000, 0x000001cd34000000)
  region size 32768K, 1 young (32768K), 1 survivors (32768K)
 Metaspace       used 22362K, committed 22656K, reserved 1073152K
  class space    used 2342K, committed 2496K, reserved 1048576K
}
Event: 13.049 GC heap before
{Heap before GC invocations=6 (full 0):
 garbage-first heap   total 8192000K, used 8116845K [0x000001b6b0000000, 0x000001cd34000000)
  region size 32768K, 2 young (65536K), 1 survivors (32768K)
 Metaspace       used 22362K, committed 22656K, reserved 1073152K
  class space    used 2342K, committed 2496K, reserved 1048576K
}
Event: 13.064 GC heap after
{Heap after GC invocations=7 (full 0):
 garbage-first heap   total 8224768K, used 8116468K [0x000001b6b0000000, 0x000001cd34000000)
  region size 32768K, 1 young (32768K), 1 survivors (32768K)
 Metaspace       used 22362K, committed 22656K, reserved 1073152K
  class space    used 2342K, committed 2496K, reserved 1048576K
}
Event: 26.662 GC heap before
{Heap before GC invocations=7 (full 0):
 garbage-first heap   total 16089088K, used 15980788K [0x000001b6b0000000, 0x000001cd34000000)
  region size 32768K, 2 young (65536K), 1 survivors (32768K)
 Metaspace       used 22368K, committed 22656K, reserved 1073152K
  class space    used 2342K, committed 2496K, reserved 1048576K
}
Event: 26.738 GC heap after
{Heap after GC invocations=8 (full 0):
 garbage-first heap   total 16121856K, used 16012694K [0x000001b6b0000000, 0x000001cd34000000)
  region size 32768K, 2 young (65536K), 2 survivors (65536K)
 Metaspace       used 22368K, committed 22656K, reserved 1073152K
  class space    used 2342K, committed 2496K, reserved 1048576K
}
Event: 26.819 GC heap before
{Heap before GC invocations=8 (full 0):
 garbage-first heap   total 16121856K, used 16012694K [0x000001b6b0000000, 0x000001cd34000000)
  region size 32768K, 3 young (98304K), 2 survivors (65536K)
 Metaspace       used 22368K, committed 22656K, reserved 1073152K
  class space    used 2342K, committed 2496K, reserved 1048576K
}
Event: 26.868 GC heap after
{Heap after GC invocations=9 (full 0):
 garbage-first heap   total 16187392K, used 16046717K [0x000001b6b0000000, 0x000001cd34000000)
  region size 32768K, 3 young (98304K), 3 survivors (98304K)
 Metaspace       used 22368K, committed 22656K, reserved 1073152K
  class space    used 2342K, committed 2496K, reserved 1048576K
}
Event: 26.974 GC heap before
{Heap before GC invocations=9 (full 0):
 garbage-first heap   total 16187392K, used 16046717K [0x000001b6b0000000, 0x000001cd34000000)
  region size 32768K, 4 young (131072K), 3 survivors (98304K)
 Metaspace       used 22368K, committed 22656K, reserved 1073152K
  class space    used 2342K, committed 2496K, reserved 1048576K
}
Event: 27.042 GC heap after
{Heap after GC invocations=10 (full 0):
 garbage-first heap   total 16252928K, used 16084332K [0x000001b6b0000000, 0x000001cd34000000)
  region size 32768K, 3 young (98304K), 3 survivors (98304K)
 Metaspace       used 22368K, committed 22656K, reserved 1073152K
  class space    used 2342K, committed 2496K, reserved 1048576K
}
Event: 27.125 GC heap before
{Heap before GC invocations=10 (full 0):
 garbage-first heap   total 16252928K, used 16084332K [0x000001b6b0000000, 0x000001cd34000000)
  region size 32768K, 4 young (131072K), 3 survivors (98304K)
 Metaspace       used 22368K, committed 22656K, reserved 1073152K
  class space    used 2342K, committed 2496K, reserved 1048576K
}

